<?xml version="1.0" encoding="UTF-8"?>
<!-- Generated by org.testng.reporters.JUnitReportReporter -->
<testsuite hostname="LAPTOP-RMRPDSI7" failures="0" tests="1" name="tests.SwagLabProductsTest" time="16.355" errors="0" timestamp="2022-11-29T21:55:44 IST" skipped="0">
  <testcase classname="tests.SwagLabProductsTest" name="SwagLabProductPageTest" time="16.355"/>
  <system-out/>
</testsuite> <!-- tests.SwagLabProductsTest -->
